C:\USERS\LG\DESKTOP\커피타이쿤-박순주,이유라\201221128\DEBUG\201221128.EXE.EMBED.MANIFEST
C:\USERS\LG\DESKTOP\커피타이쿤-박순주,이유라\201221128\DEBUG\201221128.EXE.EMBED.MANIFEST.RES
C:\USERS\LG\DESKTOP\커피타이쿤-박순주,이유라\201221128\DEBUG\201221128.EXE.INTERMEDIATE.MANIFEST
C:\USERS\LG\DESKTOP\커피타이쿤-박순주,이유라\201221128\DEBUG\201221128.OBJ
C:\USERS\LG\DESKTOP\커피타이쿤-박순주,이유라\201221128\DEBUG\201221128.PCH
C:\USERS\LG\DESKTOP\커피타이쿤-박순주,이유라\201221128\DEBUG\201221128.RES
C:\Users\lg\Desktop\커피타이쿤-박순주,이유라\201221128\Debug\201221128_manifest.rc
C:\Users\lg\Desktop\커피타이쿤-박순주,이유라\201221128\Debug\cl.command.1.tlog
C:\Users\lg\Desktop\커피타이쿤-박순주,이유라\201221128\Debug\CL.read.1.tlog
C:\Users\lg\Desktop\커피타이쿤-박순주,이유라\201221128\Debug\CL.write.1.tlog
C:\USERS\LG\DESKTOP\커피타이쿤-박순주,이유라\201221128\DEBUG\DXUTSOUND.OBJ
C:\USERS\LG\DESKTOP\커피타이쿤-박순주,이유라\201221128\DEBUG\EGL.OBJ
C:\Users\lg\Desktop\커피타이쿤-박순주,이유라\201221128\Debug\link.command.1.tlog
C:\Users\lg\Desktop\커피타이쿤-박순주,이유라\201221128\Debug\link.read.1.tlog
C:\Users\lg\Desktop\커피타이쿤-박순주,이유라\201221128\Debug\link.write.1.tlog
C:\Users\lg\Desktop\커피타이쿤-박순주,이유라\201221128\Debug\link-cvtres.read.1.tlog
C:\Users\lg\Desktop\커피타이쿤-박순주,이유라\201221128\Debug\link-cvtres.write.1.tlog
C:\Users\lg\Desktop\커피타이쿤-박순주,이유라\201221128\Debug\mt.command.1.tlog
C:\Users\lg\Desktop\커피타이쿤-박순주,이유라\201221128\Debug\mt.read.1.tlog
C:\Users\lg\Desktop\커피타이쿤-박순주,이유라\201221128\Debug\mt.write.1.tlog
C:\Users\lg\Desktop\커피타이쿤-박순주,이유라\201221128\Debug\rc.command.1.tlog
C:\Users\lg\Desktop\커피타이쿤-박순주,이유라\201221128\Debug\rc.read.1.tlog
C:\Users\lg\Desktop\커피타이쿤-박순주,이유라\201221128\Debug\rc.write.1.tlog
C:\USERS\LG\DESKTOP\커피타이쿤-박순주,이유라\201221128\DEBUG\STDAFX.OBJ
C:\Users\lg\Desktop\커피타이쿤-박순주,이유라\201221128\Debug\vc100.idb
C:\USERS\LG\DESKTOP\커피타이쿤-박순주,이유라\201221128\DEBUG\VC100.PDB
C:\USERS\LG\DESKTOP\커피타이쿤-박순주,이유라\DEBUG\201221128.EXE
C:\USERS\LG\DESKTOP\커피타이쿤-박순주,이유라\DEBUG\201221128.ILK
C:\USERS\LG\DESKTOP\커피타이쿤-박순주,이유라\DEBUG\201221128.PDB
