빌드 시작: 2013-12-26 오후 4:23:38
     1>2 노드의 "C:\Users\lg\Desktop\커피타이쿤-박순주,이유라 - 복사본\201221128\201221128.vcxproj" 프로젝트(build 대상)입니다.
     1>InitializeBuildStatus:
         "AlwaysCreate"이(가) 지정되었기 때문에 "Debug\201221128.unsuccessfulbuild"을(를) 만들고 있습니다.
       ClCompile:
         c:\Program Files (x86)\Microsoft Visual Studio 10.0\VC\bin\CL.exe /c /I. /I.egl /ZI /nologo /W3 /WX- /Od /Oy- /D WIN32 /D _DEBUG /D _WINDOWS /D _UNICODE /D UNICODE /Gm /EHsc /RTC1 /MDd /GS /fp:precise /Zc:wchar_t /Zc:forScope /Yc"StdAfx.h" /Fp"Debug\201221128.pch" /Fo"Debug\\" /Fd"Debug\vc100.pdb" /Gd /TP /analyze- /errorReport:prompt stdafx.cpp
         stdafx.cpp
         c:\Program Files (x86)\Microsoft Visual Studio 10.0\VC\bin\CL.exe /c /I. /I.egl /ZI /nologo /W3 /WX- /Od /Oy- /D WIN32 /D _DEBUG /D _WINDOWS /D _UNICODE /D UNICODE /Gm /EHsc /RTC1 /MDd /GS /fp:precise /Zc:wchar_t /Zc:forScope /Fo"Debug\\" /Fd"Debug\vc100.pdb" /Gd /TP /analyze- /errorReport:prompt 201221128.cpp DXUTsound.cpp egl\egl.cpp
         egl.cpp
         DXUTsound.cpp
         201221128.cpp
     1>c:\users\lg\desktop\커피타이쿤-박순주,이유라 - 복사본\201221128\201221128.cpp(151): warning C4244: '인수' : 'int'에서 'VGfloat'(으)로 변환하면서 데이터가 손실될 수 있습니다.
     1>c:\users\lg\desktop\커피타이쿤-박순주,이유라 - 복사본\201221128\201221128.cpp(155): warning C4244: '인수' : 'int'에서 'VGfloat'(으)로 변환하면서 데이터가 손실될 수 있습니다.
     1>c:\users\lg\desktop\커피타이쿤-박순주,이유라 - 복사본\201221128\201221128.cpp(168): warning C4244: '인수' : 'int'에서 'VGfloat'(으)로 변환하면서 데이터가 손실될 수 있습니다.
     1>c:\users\lg\desktop\커피타이쿤-박순주,이유라 - 복사본\201221128\201221128.cpp(168): warning C4244: '인수' : 'int'에서 'VGfloat'(으)로 변환하면서 데이터가 손실될 수 있습니다.
     1>c:\users\lg\desktop\커피타이쿤-박순주,이유라 - 복사본\201221128\201221128.cpp(191): warning C4244: '인수' : 'int'에서 'VGfloat'(으)로 변환하면서 데이터가 손실될 수 있습니다.
     1>c:\users\lg\desktop\커피타이쿤-박순주,이유라 - 복사본\201221128\201221128.cpp(191): warning C4244: '인수' : 'int'에서 'VGfloat'(으)로 변환하면서 데이터가 손실될 수 있습니다.
     1>c:\users\lg\desktop\커피타이쿤-박순주,이유라 - 복사본\201221128\201221128.cpp(198): warning C4244: '인수' : 'int'에서 'VGfloat'(으)로 변환하면서 데이터가 손실될 수 있습니다.
     1>c:\users\lg\desktop\커피타이쿤-박순주,이유라 - 복사본\201221128\201221128.cpp(198): warning C4244: '인수' : 'int'에서 'VGfloat'(으)로 변환하면서 데이터가 손실될 수 있습니다.
     1>c:\users\lg\desktop\커피타이쿤-박순주,이유라 - 복사본\201221128\201221128.cpp(208): warning C4244: '인수' : 'int'에서 'VGfloat'(으)로 변환하면서 데이터가 손실될 수 있습니다.
     1>c:\users\lg\desktop\커피타이쿤-박순주,이유라 - 복사본\201221128\201221128.cpp(208): warning C4244: '인수' : 'int'에서 'VGfloat'(으)로 변환하면서 데이터가 손실될 수 있습니다.
     1>c:\users\lg\desktop\커피타이쿤-박순주,이유라 - 복사본\201221128\201221128.cpp(215): warning C4244: '인수' : 'int'에서 'VGfloat'(으)로 변환하면서 데이터가 손실될 수 있습니다.
     1>c:\users\lg\desktop\커피타이쿤-박순주,이유라 - 복사본\201221128\201221128.cpp(215): warning C4244: '인수' : 'int'에서 'VGfloat'(으)로 변환하면서 데이터가 손실될 수 있습니다.
     1>c:\users\lg\desktop\커피타이쿤-박순주,이유라 - 복사본\201221128\201221128.cpp(223): warning C4244: '인수' : 'int'에서 'VGfloat'(으)로 변환하면서 데이터가 손실될 수 있습니다.
     1>c:\users\lg\desktop\커피타이쿤-박순주,이유라 - 복사본\201221128\201221128.cpp(223): warning C4244: '인수' : 'int'에서 'VGfloat'(으)로 변환하면서 데이터가 손실될 수 있습니다.
     1>c:\users\lg\desktop\커피타이쿤-박순주,이유라 - 복사본\201221128\201221128.cpp(234): warning C4244: '인수' : 'int'에서 'VGfloat'(으)로 변환하면서 데이터가 손실될 수 있습니다.
     1>c:\users\lg\desktop\커피타이쿤-박순주,이유라 - 복사본\201221128\201221128.cpp(234): warning C4244: '인수' : 'int'에서 'VGfloat'(으)로 변환하면서 데이터가 손실될 수 있습니다.
     1>c:\users\lg\desktop\커피타이쿤-박순주,이유라 - 복사본\201221128\201221128.cpp(241): warning C4244: '인수' : 'int'에서 'VGfloat'(으)로 변환하면서 데이터가 손실될 수 있습니다.
     1>c:\users\lg\desktop\커피타이쿤-박순주,이유라 - 복사본\201221128\201221128.cpp(241): warning C4244: '인수' : 'int'에서 'VGfloat'(으)로 변환하면서 데이터가 손실될 수 있습니다.
     1>c:\users\lg\desktop\커피타이쿤-박순주,이유라 - 복사본\201221128\201221128.cpp(249): warning C4244: '인수' : 'int'에서 'VGfloat'(으)로 변환하면서 데이터가 손실될 수 있습니다.
     1>c:\users\lg\desktop\커피타이쿤-박순주,이유라 - 복사본\201221128\201221128.cpp(249): warning C4244: '인수' : 'int'에서 'VGfloat'(으)로 변환하면서 데이터가 손실될 수 있습니다.
     1>c:\users\lg\desktop\커피타이쿤-박순주,이유라 - 복사본\201221128\201221128.cpp(256): warning C4244: '인수' : 'int'에서 'VGfloat'(으)로 변환하면서 데이터가 손실될 수 있습니다.
     1>c:\users\lg\desktop\커피타이쿤-박순주,이유라 - 복사본\201221128\201221128.cpp(256): warning C4244: '인수' : 'int'에서 'VGfloat'(으)로 변환하면서 데이터가 손실될 수 있습니다.
     1>c:\users\lg\desktop\커피타이쿤-박순주,이유라 - 복사본\201221128\201221128.cpp(267): warning C4244: '인수' : 'int'에서 'VGfloat'(으)로 변환하면서 데이터가 손실될 수 있습니다.
     1>c:\users\lg\desktop\커피타이쿤-박순주,이유라 - 복사본\201221128\201221128.cpp(267): warning C4244: '인수' : 'int'에서 'VGfloat'(으)로 변환하면서 데이터가 손실될 수 있습니다.
     1>c:\users\lg\desktop\커피타이쿤-박순주,이유라 - 복사본\201221128\201221128.cpp(274): warning C4244: '인수' : 'int'에서 'VGfloat'(으)로 변환하면서 데이터가 손실될 수 있습니다.
     1>c:\users\lg\desktop\커피타이쿤-박순주,이유라 - 복사본\201221128\201221128.cpp(274): warning C4244: '인수' : 'int'에서 'VGfloat'(으)로 변환하면서 데이터가 손실될 수 있습니다.
     1>c:\users\lg\desktop\커피타이쿤-박순주,이유라 - 복사본\201221128\201221128.cpp(282): warning C4244: '인수' : 'int'에서 'VGfloat'(으)로 변환하면서 데이터가 손실될 수 있습니다.
     1>c:\users\lg\desktop\커피타이쿤-박순주,이유라 - 복사본\201221128\201221128.cpp(282): warning C4244: '인수' : 'int'에서 'VGfloat'(으)로 변환하면서 데이터가 손실될 수 있습니다.
     1>c:\users\lg\desktop\커피타이쿤-박순주,이유라 - 복사본\201221128\201221128.cpp(290): warning C4244: '인수' : 'int'에서 'VGfloat'(으)로 변환하면서 데이터가 손실될 수 있습니다.
     1>c:\users\lg\desktop\커피타이쿤-박순주,이유라 - 복사본\201221128\201221128.cpp(290): warning C4244: '인수' : 'int'에서 'VGfloat'(으)로 변환하면서 데이터가 손실될 수 있습니다.
     1>c:\users\lg\desktop\커피타이쿤-박순주,이유라 - 복사본\201221128\201221128.cpp(301): warning C4244: '인수' : 'int'에서 'VGfloat'(으)로 변환하면서 데이터가 손실될 수 있습니다.
     1>c:\users\lg\desktop\커피타이쿤-박순주,이유라 - 복사본\201221128\201221128.cpp(301): warning C4244: '인수' : 'int'에서 'VGfloat'(으)로 변환하면서 데이터가 손실될 수 있습니다.
     1>c:\users\lg\desktop\커피타이쿤-박순주,이유라 - 복사본\201221128\201221128.cpp(308): warning C4244: '인수' : 'int'에서 'VGfloat'(으)로 변환하면서 데이터가 손실될 수 있습니다.
     1>c:\users\lg\desktop\커피타이쿤-박순주,이유라 - 복사본\201221128\201221128.cpp(308): warning C4244: '인수' : 'int'에서 'VGfloat'(으)로 변환하면서 데이터가 손실될 수 있습니다.
     1>c:\users\lg\desktop\커피타이쿤-박순주,이유라 - 복사본\201221128\201221128.cpp(316): warning C4244: '인수' : 'int'에서 'VGfloat'(으)로 변환하면서 데이터가 손실될 수 있습니다.
     1>c:\users\lg\desktop\커피타이쿤-박순주,이유라 - 복사본\201221128\201221128.cpp(316): warning C4244: '인수' : 'int'에서 'VGfloat'(으)로 변환하면서 데이터가 손실될 수 있습니다.
     1>c:\users\lg\desktop\커피타이쿤-박순주,이유라 - 복사본\201221128\201221128.cpp(324): warning C4244: '인수' : 'int'에서 'VGfloat'(으)로 변환하면서 데이터가 손실될 수 있습니다.
     1>c:\users\lg\desktop\커피타이쿤-박순주,이유라 - 복사본\201221128\201221128.cpp(324): warning C4244: '인수' : 'int'에서 'VGfloat'(으)로 변환하면서 데이터가 손실될 수 있습니다.
     1>c:\users\lg\desktop\커피타이쿤-박순주,이유라 - 복사본\201221128\201221128.cpp(351): warning C4305: '인수' : 'double'에서 'VGfloat'(으)로 잘립니다.
     1>c:\users\lg\desktop\커피타이쿤-박순주,이유라 - 복사본\201221128\201221128.cpp(351): warning C4305: '인수' : 'double'에서 'VGfloat'(으)로 잘립니다.
     1>c:\users\lg\desktop\커피타이쿤-박순주,이유라 - 복사본\201221128\201221128.cpp(359): warning C4305: '인수' : 'double'에서 'VGfloat'(으)로 잘립니다.
     1>c:\users\lg\desktop\커피타이쿤-박순주,이유라 - 복사본\201221128\201221128.cpp(359): warning C4305: '인수' : 'double'에서 'VGfloat'(으)로 잘립니다.
     1>c:\users\lg\desktop\커피타이쿤-박순주,이유라 - 복사본\201221128\201221128.cpp(367): warning C4305: '인수' : 'double'에서 'VGfloat'(으)로 잘립니다.
     1>c:\users\lg\desktop\커피타이쿤-박순주,이유라 - 복사본\201221128\201221128.cpp(367): warning C4305: '인수' : 'double'에서 'VGfloat'(으)로 잘립니다.
     1>c:\users\lg\desktop\커피타이쿤-박순주,이유라 - 복사본\201221128\201221128.cpp(375): warning C4305: '인수' : 'double'에서 'VGfloat'(으)로 잘립니다.
     1>c:\users\lg\desktop\커피타이쿤-박순주,이유라 - 복사본\201221128\201221128.cpp(375): warning C4305: '인수' : 'double'에서 'VGfloat'(으)로 잘립니다.
     1>c:\users\lg\desktop\커피타이쿤-박순주,이유라 - 복사본\201221128\201221128.cpp(383): warning C4305: '인수' : 'double'에서 'VGfloat'(으)로 잘립니다.
     1>c:\users\lg\desktop\커피타이쿤-박순주,이유라 - 복사본\201221128\201221128.cpp(383): warning C4305: '인수' : 'double'에서 'VGfloat'(으)로 잘립니다.
     1>c:\users\lg\desktop\커피타이쿤-박순주,이유라 - 복사본\201221128\201221128.cpp(398): warning C4244: '인수' : 'int'에서 'VGfloat'(으)로 변환하면서 데이터가 손실될 수 있습니다.
     1>c:\users\lg\desktop\커피타이쿤-박순주,이유라 - 복사본\201221128\201221128.cpp(413): warning C4244: '인수' : 'int'에서 'VGfloat'(으)로 변환하면서 데이터가 손실될 수 있습니다.
     1>c:\users\lg\desktop\커피타이쿤-박순주,이유라 - 복사본\201221128\201221128.cpp(1239): warning C4244: '인수' : 'time_t'에서 'unsigned int'(으)로 변환하면서 데이터가 손실될 수 있습니다.
         코드를 생성하고 있습니다...
       ResourceCompile:
         C:\Program Files (x86)\Microsoft SDKs\Windows\v7.0A\bin\rc.exe /D _UNICODE /D UNICODE /l"0x0409" /nologo /fo"Debug\201221128.res" 201221128.rc 
       ManifestResourceCompile:
         C:\Program Files (x86)\Microsoft SDKs\Windows\v7.0A\bin\rc.exe /nologo /fo"Debug\201221128.exe.embed.manifest.res" Debug\201221128_manifest.rc 
       Link:
         c:\Program Files (x86)\Microsoft Visual Studio 10.0\VC\bin\link.exe /ERRORREPORT:PROMPT /OUT:"C:\Users\lg\Desktop\커피타이쿤-박순주,이유라 - 복사본\Debug\201221128.exe" /INCREMENTAL /NOLOGO dsound.lib dxguid.lib winmm.lib opengl32.lib libopenvg.lib kernel32.lib user32.lib gdi32.lib winspool.lib comdlg32.lib advapi32.lib shell32.lib ole32.lib oleaut32.lib uuid.lib odbc32.lib odbccp32.lib kernel32.lib user32.lib gdi32.lib winspool.lib comdlg32.lib advapi32.lib shell32.lib ole32.lib oleaut32.lib uuid.lib odbc32.lib odbccp32.lib /MANIFEST /ManifestFile:"Debug\201221128.exe.intermediate.manifest" /MANIFESTUAC:"level='asInvoker' uiAccess='false'" /DEBUG /PDB:"C:\Users\lg\Desktop\커피타이쿤-박순주,이유라 - 복사본\Debug\201221128.pdb" /SUBSYSTEM:WINDOWS /TLBID:1 /DYNAMICBASE /NXCOMPAT /IMPLIB:"C:\Users\lg\Desktop\커피타이쿤-박순주,이유라 - 복사본\Debug\201221128.lib" /MACHINE:X86 Debug\201221128.res
         Debug\201221128.exe.embed.manifest.res
         Debug\201221128.obj
         Debug\DXUTsound.obj
         Debug\egl.obj
         Debug\stdafx.obj
       Manifest:
         C:\Program Files (x86)\Microsoft SDKs\Windows\v7.0A\bin\mt.exe /nologo /verbose /out:"Debug\201221128.exe.embed.manifest" /manifest Debug\201221128.exe.intermediate.manifest
         C:\Program Files (x86)\Microsoft SDKs\Windows\v7.0A\bin\rc.exe /nologo /fo"Debug\201221128.exe.embed.manifest.res" Debug\201221128_manifest.rc 
       LinkEmbedManifest:
         c:\Program Files (x86)\Microsoft Visual Studio 10.0\VC\bin\link.exe /ERRORREPORT:PROMPT /OUT:"C:\Users\lg\Desktop\커피타이쿤-박순주,이유라 - 복사본\Debug\201221128.exe" /INCREMENTAL /NOLOGO dsound.lib dxguid.lib winmm.lib opengl32.lib libopenvg.lib kernel32.lib user32.lib gdi32.lib winspool.lib comdlg32.lib advapi32.lib shell32.lib ole32.lib oleaut32.lib uuid.lib odbc32.lib odbccp32.lib kernel32.lib user32.lib gdi32.lib winspool.lib comdlg32.lib advapi32.lib shell32.lib ole32.lib oleaut32.lib uuid.lib odbc32.lib odbccp32.lib /MANIFEST /ManifestFile:"Debug\201221128.exe.intermediate.manifest" /MANIFESTUAC:"level='asInvoker' uiAccess='false'" /DEBUG /PDB:"C:\Users\lg\Desktop\커피타이쿤-박순주,이유라 - 복사본\Debug\201221128.pdb" /SUBSYSTEM:WINDOWS /TLBID:1 /DYNAMICBASE /NXCOMPAT /IMPLIB:"C:\Users\lg\Desktop\커피타이쿤-박순주,이유라 - 복사본\Debug\201221128.lib" /MACHINE:X86 Debug\201221128.res
         Debug\201221128.exe.embed.manifest.res
         Debug\201221128.obj
         Debug\DXUTsound.obj
         Debug\egl.obj
         Debug\stdafx.obj
         201221128.vcxproj -> C:\Users\lg\Desktop\커피타이쿤-박순주,이유라 - 복사본\Debug\201221128.exe
       FinalizeBuildStatus:
         "Debug\201221128.unsuccessfulbuild" 파일을 삭제하고 있습니다.
         "Debug\201221128.lastbuildstate"에 연결(touching)하고 있습니다.
     1>"C:\Users\lg\Desktop\커피타이쿤-박순주,이유라 - 복사본\201221128\201221128.vcxproj" 프로젝트를 빌드했습니다(build 대상).

빌드했습니다.

경과 시간: 00:00:04.52
